<?xml version="1.0" encoding="UTF-8"?>
<!-- Generated by org.testng.reporters.JUnitXMLReporter -->
<testsuite hostname="DESKTOP-V89NTNP" ignored="0" name="Test" tests="4" failures="0" timestamp="2023-05-06T15:14:58 IST" time="34.075" errors="0">
  <testcase name="testTwo" time="0.005" classname="tests.TwoTest"/>
  <testcase name="login" time="4.886" classname="tests.LoginTest"/>
  <testcase name="login" time="14.245" classname="tests.LoginTest"/>
  <testcase name="testThree" time="0.0" classname="tests.ThreeTest"/>
</testsuite> <!-- Test -->
